<?xml version="1.0" encoding="UTF-8" ?>
<testsuite failures="0" time="0.07" errors="0" skipped="0" tests="4" name="it.javalinux.sibilla.plugins.scanner.RunsRepositoryTest">
  <properties>
[...]
</properties>
  <testcase time="0.026" classname="it.javalinux.sibilla.plugins.scanner.RunsRepositoryTest" name="shouldCorrectlySerializeAndDeserialize"/>
  <testcase time="0.001" classname="it.javalinux.sibilla.plugins.scanner.RunsRepositoryTest" name="shouldClearContents"/>
  <testcase time="0.002" classname="it.javalinux.sibilla.plugins.scanner.RunsRepositoryTest" name="shouldWorkWithDefaultName"/>
  <testcase time="0.003" classname="it.javalinux.sibilla.plugins.scanner.RunsRepositoryTest" name="shouldLoadAndOverwriteWithAdditions"/>
</testsuite>